0 info it worked if it ends with ok
1 verbose cli [ 'C:\\Program Files\\nodejs\\node.exe',
1 verbose cli   'C:\\Users\\Administrator\\AppData\\Roaming\\npm\\node_modules\\npm\\bin\\npm-cli.js',
1 verbose cli   'run',
1 verbose cli   'dev' ]
2 info using npm@3.10.9
3 info using node@v6.9.1
4 verbose run-script [ 'predev', 'dev', 'postdev' ]
5 info lifecycle TravelSafe@1.0.0~predev: TravelSafe@1.0.0
6 silly lifecycle TravelSafe@1.0.0~predev: no script for predev, continuing
7 info lifecycle TravelSafe@1.0.0~dev: TravelSafe@1.0.0
8 verbose lifecycle TravelSafe@1.0.0~dev: unsafe-perm in lifecycle true
9 verbose lifecycle TravelSafe@1.0.0~dev: PATH: C:\Users\Administrator\AppData\Roaming\npm\node_modules\npm\bin\node-gyp-bin;C:\Users\Administrator\Documents\GitHub\TravelSafe\client\node_modules\.bin;C:\Users\Administrator\AppData\Roaming\npm;C:\Program Files\nodejs\;C:\ProgramData\Oracle\Java\javapath;C:\Program Files\Common Files\Microsoft Shared\Microsoft Online Services;C:\Program Files (x86)\Common Files\Microsoft Shared\Microsoft Online Services;C:\windows\system32;C:\windows;C:\windows\System32\Wbem;C:\windows\System32\WindowsPowerShell\v1.0\;C:\Program Files (x86)\GtkSharp\2.12\bin;C:\Program Files (x86)\Skype\Phone\;C:\Program Files (x86)\Heroku\bin;C:\Program Files (x86)\git\cmd;C:\Program Files (x86)\Git\cmd;C:\openssl\bin;C:\Program Files\Java\jdk1.8.0_102\bin;C:\Users\Administrator\AppData\Local\Microsoft\WindowsApps;C:\adb;c:\Program Files\Intel\WiFi\bin\;c:\Program Files\Common Files\Intel\WirelessCommon\;C:\Program Files\nodejs\;C:\ProgramData\chocolatey\bin;C:\Users\Administrator\AppData\Local\Microsoft\WindowsApps;c:\Program Files\Intel\WiFi\bin\;c:\Program Files\Common Files\Intel\WirelessCommon\;C:\Users\Administrator\AppData\Roaming\npm
10 verbose lifecycle TravelSafe@1.0.0~dev: CWD: C:\Users\Administrator\Documents\GitHub\TravelSafe\client
11 silly lifecycle TravelSafe@1.0.0~dev: Args: [ '/d /s /c',
11 silly lifecycle   'webpack --watch --progress --config webpack.dev' ]
12 silly lifecycle TravelSafe@1.0.0~dev: Returned: code: 1  signal: null
13 info lifecycle TravelSafe@1.0.0~dev: Failed to exec dev script
14 verbose stack Error: TravelSafe@1.0.0 dev: `webpack --watch --progress --config webpack.dev`
14 verbose stack Exit status 1
14 verbose stack     at EventEmitter.<anonymous> (C:\Users\Administrator\AppData\Roaming\npm\node_modules\npm\lib\utils\lifecycle.js:255:16)
14 verbose stack     at emitTwo (events.js:106:13)
14 verbose stack     at EventEmitter.emit (events.js:191:7)
14 verbose stack     at ChildProcess.<anonymous> (C:\Users\Administrator\AppData\Roaming\npm\node_modules\npm\lib\utils\spawn.js:40:14)
14 verbose stack     at emitTwo (events.js:106:13)
14 verbose stack     at ChildProcess.emit (events.js:191:7)
14 verbose stack     at maybeClose (internal/child_process.js:877:16)
14 verbose stack     at Process.ChildProcess._handle.onexit (internal/child_process.js:226:5)
15 verbose pkgid TravelSafe@1.0.0
16 verbose cwd C:\Users\Administrator\Documents\GitHub\TravelSafe\client
17 error Windows_NT 10.0.14393
18 error argv "C:\\Program Files\\nodejs\\node.exe" "C:\\Users\\Administrator\\AppData\\Roaming\\npm\\node_modules\\npm\\bin\\npm-cli.js" "run" "dev"
19 error node v6.9.1
20 error npm  v3.10.9
21 error code ELIFECYCLE
22 error TravelSafe@1.0.0 dev: `webpack --watch --progress --config webpack.dev`
22 error Exit status 1
23 error Failed at the TravelSafe@1.0.0 dev script 'webpack --watch --progress --config webpack.dev'.
23 error Make sure you have the latest version of node.js and npm installed.
23 error If you do, this is most likely a problem with the TravelSafe package,
23 error not with npm itself.
23 error Tell the author that this fails on your system:
23 error     webpack --watch --progress --config webpack.dev
23 error You can get information on how to open an issue for this project with:
23 error     npm bugs TravelSafe
23 error Or if that isn't available, you can get their info via:
23 error     npm owner ls TravelSafe
23 error There is likely additional logging output above.
24 verbose exit [ 1, true ]
